Got mutations and metadata, reading methylation
Converting Dask df to pandas df, takes ~10min
Got methylation, transposing
Done
/cellar/users/zkoch/miniconda3/envs/big_data/lib/python3.9/site-packages/sklearn/model_selection/_split.py:676: UserWarning: The least populated class in y has only 1 members, which is less than n_splits=3.
  warnings.warn(
/cellar/users/zkoch/methylation_and_mutation/analyses/sufficient_epi_clock_feats.py:73: FutureWarning: Dropping of nuisance columns in DataFrame reductions (with 'numeric_only=None') is deprecated; in a future version this will raise TypeError.  Select only valid columns before calling the reduction.
  methyl_stdev = mut_feat.all_methyl_age_df_t.loc[mut_feat.train_samples, :].std()
/cellar/users/zkoch/miniconda3/envs/big_data/lib/python3.9/site-packages/sklearn/linear_model/_coordinate_descent.py:645: ConvergenceWarning: Objective did not converge. You might want to increase the number of iterations, check the scale of the features or consider increasing regularisation. Duality gap: 1.014e+01, tolerance: 5.913e+00
  model = cd_fast.enet_coordinate_descent(
               #id chr      start  ...  age_corr  methyl_stdev  abs_age_corr
0       cg04267467   7  139762256  ...  0.323856      0.218607      0.323856
1       cg14359052   6  106546744  ...  0.318938      0.257498      0.318938
2       cg12363375  20   30196492  ...  0.315351      0.237736      0.315351
3       cg00129811   6  116726398  ...  0.312332      0.245489      0.312332
4       cg07607355  20   30196400  ...  0.306209      0.238803      0.306209
...            ...  ..        ...  ...       ...           ...           ...
266661  cg15576338   1   56897797  ... -0.281742      0.252200      0.281742
266662  cg11588610  11  121298980  ... -0.285608      0.236615      0.285608
266663  cg14994639  11  121422921  ... -0.285972      0.253842      0.285972
266664  cg05075579  11  121421206  ... -0.303001      0.175354      0.303001
266665  cg17510957  11  121466629  ... -0.310727      0.253871      0.310727

[266666 rows x 10 columns]
    num_cpgs  ...                                      cpgs_to_train
0      50000  ...  [cg21101995, cg24566250, cg09555555, cg0912435...
1      50000  ...  [cg04255416, cg09702591, cg09008417, cg1028477...
2      50000  ...  [cg05143869, cg24948561, cg05595691, cg0604159...
3      50000  ...  [cg16083447, cg22042908, cg10115564, cg1749665...
4      50000  ...  [cg19635580, cg08293760, cg21413448, cg2168022...
5      50000  ...  [cg04954241, cg14100748, cg08234256, cg1453156...
6      50000  ...  [cg04267467, cg14359052, cg12363375, cg0012981...
7      50000  ...  [cg05222216, cg02391549, cg15811371, cg1258359...
8      50000  ...  [cg12539796, cg15732851, cg18873530, cg0876370...
9     150000  ...  [cg27447296, cg07894846, cg11390645, cg1789862...
10    150000  ...  [cg26744928, cg18809535, cg00000905, cg1737765...
11    150000  ...  [cg02134046, cg10335736, cg10633658, cg1712980...
12    150000  ...  [cg16083447, cg22042908, cg10115564, cg1749665...
13    150000  ...  [cg19635580, cg08293760, cg21413448, cg2168022...
14    150000  ...  [cg04954241, cg14100748, cg08234256, cg1453156...
15    150000  ...  [cg04267467, cg14359052, cg12363375, cg0012981...
16    150000  ...  [cg05222216, cg02391549, cg15811371, cg1258359...
17    150000  ...  [cg12539796, cg15732851, cg18873530, cg0876370...

[18 rows x 4 columns]
done 0
done 1
done 2
done 3
done 4
/cellar/users/zkoch/miniconda3/envs/big_data/lib/python3.9/site-packages/sklearn/linear_model/_coordinate_descent.py:645: ConvergenceWarning: Objective did not converge. You might want to increase the number of iterations, check the scale of the features or consider increasing regularisation. Duality gap: 3.498e+01, tolerance: 7.498e+00
  model = cd_fast.enet_coordinate_descent(
done 5
/cellar/users/zkoch/miniconda3/envs/big_data/lib/python3.9/site-packages/sklearn/linear_model/_coordinate_descent.py:645: ConvergenceWarning: Objective did not converge. You might want to increase the number of iterations, check the scale of the features or consider increasing regularisation. Duality gap: 1.393e+02, tolerance: 7.498e+00
  model = cd_fast.enet_coordinate_descent(
done 6
done 7
done 8
done 9
done 10
/cellar/users/zkoch/miniconda3/envs/big_data/lib/python3.9/site-packages/sklearn/linear_model/_coordinate_descent.py:645: ConvergenceWarning: Objective did not converge. You might want to increase the number of iterations, check the scale of the features or consider increasing regularisation. Duality gap: 4.164e+01, tolerance: 7.498e+00
  model = cd_fast.enet_coordinate_descent(
done 11
/cellar/users/zkoch/miniconda3/envs/big_data/lib/python3.9/site-packages/sklearn/linear_model/_coordinate_descent.py:645: ConvergenceWarning: Objective did not converge. You might want to increase the number of iterations, check the scale of the features or consider increasing regularisation. Duality gap: 1.050e+01, tolerance: 6.136e+00
  model = cd_fast.enet_coordinate_descent(
/cellar/users/zkoch/miniconda3/envs/big_data/lib/python3.9/site-packages/sklearn/linear_model/_coordinate_descent.py:645: ConvergenceWarning: Objective did not converge. You might want to increase the number of iterations, check the scale of the features or consider increasing regularisation. Duality gap: 8.789e+00, tolerance: 5.913e+00
  model = cd_fast.enet_coordinate_descent(
/cellar/users/zkoch/miniconda3/envs/big_data/lib/python3.9/site-packages/sklearn/linear_model/_coordinate_descent.py:645: ConvergenceWarning: Objective did not converge. You might want to increase the number of iterations, check the scale of the features or consider increasing regularisation. Duality gap: 1.111e+01, tolerance: 5.913e+00
  model = cd_fast.enet_coordinate_descent(
